2025-12-25 16:52:28 - kaban - INFO - Login attempt for email: kirillpodberezsky@mail.ru
2025-12-25 16:52:28 - kaban - INFO - User logged in successfully: user_id=1, email=kirillpodberezsky@mail.ru
2025-12-25 16:52:39 - kaban - INFO - User profile accessed: user_id=1, email=kirillpodberezsky@mail.ru
2025-12-25 16:52:39 - kaban - INFO - Listing teams for user_id=1
2025-12-25 16:52:39 - kaban - INFO - Found 1 teams for user_id=1
2025-12-25 16:52:44 - kaban - INFO - User profile accessed: user_id=1, email=kirillpodberezsky@mail.ru
2025-12-25 16:52:44 - kaban - INFO - Listing teams for user_id=1
2025-12-25 16:52:44 - kaban - INFO - Found 1 teams for user_id=1
2025-12-25 16:59:37 - kaban - INFO - User profile accessed: user_id=1, email=kirillpodberezsky@mail.ru
2025-12-25 16:59:37 - kaban - INFO - Listing teams for user_id=1
2025-12-25 16:59:37 - kaban - INFO - Found 1 teams for user_id=1
2025-12-25 17:07:31 - kaban - INFO - User profile accessed: user_id=1, email=kirillpodberezsky@mail.ru
2025-12-25 17:07:31 - kaban - INFO - Listing teams for user_id=1
2025-12-25 17:07:31 - kaban - INFO - Found 1 teams for user_id=1
2025-12-25 17:07:34 - kaban - INFO - User profile accessed: user_id=1, email=kirillpodberezsky@mail.ru
2025-12-25 17:07:35 - kaban - INFO - Listing teams for user_id=1
2025-12-25 17:07:35 - kaban - INFO - Found 1 teams for user_id=1
2025-12-25 17:14:01 - kaban - INFO - User profile accessed: user_id=1, email=kirillpodberezsky@mail.ru
2025-12-25 17:14:02 - kaban - INFO - Listing teams for user_id=1
2025-12-25 17:14:02 - kaban - INFO - Found 1 teams for user_id=1
2025-12-25 17:17:30 - kaban - INFO - Login attempt for email: kirillpodberezsky@mail.ru
2025-12-25 17:17:31 - kaban - INFO - User logged in successfully: user_id=1, email=kirillpodberezsky@mail.ru
2025-12-25 17:26:47 - kaban - INFO - User profile accessed: user_id=1, email=kirillpodberezsky@mail.ru
2025-12-25 17:26:47 - kaban - INFO - Listing teams for user_id=1
2025-12-25 17:26:47 - kaban - INFO - Found 1 teams for user_id=1
2025-12-25 17:29:42 - kaban - INFO - User profile accessed: user_id=1, email=kirillpodberezsky@mail.ru
2025-12-25 17:30:21 - kaban - INFO - Login attempt for email: mdshvgf@gmail.com
2025-12-25 17:30:21 - kaban - WARNING - Login failed: incorrect credentials for email: mdshvgf@gmail.com
